<?xml version="1.0" encoding="UTF-8"?>
<testsuite name="ProverbTest" tests="6" skipped="0" failures="0" errors="0" timestamp="2019-11-24T04:41:40" hostname="fieldbuzz" time="0.043">
  <properties/>
  <testcase name="shortChainOfConsequences" classname="ProverbTest" time="0.041"/>
  <testcase name="fullProverb" classname="ProverbTest" time="0.0"/>
  <testcase name="zeroWordsAreGiven" classname="ProverbTest" time="0.001"/>
  <testcase name="singlePieceOfProverb" classname="ProverbTest" time="0.0"/>
  <testcase name="twoPiecesOfProverb" classname="ProverbTest" time="0.0"/>
  <testcase name="fourPiecesModernizedProverb" classname="ProverbTest" time="0.0"/>
  <system-out><![CDATA[]]></system-out>
  <system-err><![CDATA[]]></system-err>
</testsuite>
