<?xml version="1.0" encoding="UTF-8"?>
<testsuite name="RobotTest" tests="3" skipped="0" failures="0" errors="0" timestamp="2020-01-01T05:16:06" hostname="fieldbuzz" time="0.005">
  <properties/>
  <testcase name="differentRobotsHaveDifferentNames" classname="RobotTest" time="0.003"/>
  <testcase name="hasName" classname="RobotTest" time="0.001"/>
  <testcase name="resetName" classname="RobotTest" time="0.001"/>
  <system-out><![CDATA[]]></system-out>
  <system-err><![CDATA[]]></system-err>
</testsuite>
