<?xml version="1.0" encoding="UTF-8"?>
<testsuite name="AcronymTest" tests="9" skipped="0" failures="0" errors="0" timestamp="2020-01-28T06:55:05" hostname="fieldbuzz" time="0.009">
  <properties/>
  <testcase name="underscoreEmphasis" classname="AcronymTest" time="0.004"/>
  <testcase name="lowercaseWords" classname="AcronymTest" time="0.0"/>
  <testcase name="apostrophes" classname="AcronymTest" time="0.0"/>
  <testcase name="basic" classname="AcronymTest" time="0.001"/>
  <testcase name="veryLongAbbreviation" classname="AcronymTest" time="0.0"/>
  <testcase name="nonAcronymAllCapsWord" classname="AcronymTest" time="0.0"/>
  <testcase name="consecutiveDelimiters" classname="AcronymTest" time="0.001"/>
  <testcase name="punctuationWithoutWhitespace" classname="AcronymTest" time="0.0"/>
  <testcase name="punctuation" classname="AcronymTest" time="0.0"/>
  <system-out><![CDATA[]]></system-out>
  <system-err><![CDATA[]]></system-err>
</testsuite>
